{"level":"info","message":"This is an info message","timestamp":"2024-10-03T14:02:29.977Z"}
{"level":"warn","message":"This is a warning message","timestamp":"2024-10-03T14:02:29.979Z"}
{"level":"error","message":"This is an error message","timestamp":"2024-10-03T14:02:29.979Z"}
{"level":"info","message":"Periodic log message","timestamp":"2024-10-03T14:02:34.981Z"}
{"level":"info","message":"Periodic log message","timestamp":"2024-10-03T14:02:39.986Z"}
{"level":"info","message":"Periodic log message","timestamp":"2024-10-03T14:02:45.011Z"}
{"level":"info","message":"Periodic log message","timestamp":"2024-10-03T14:02:50.036Z"}
{"level":"info","message":"Periodic log message","timestamp":"2024-10-03T14:02:55.061Z"}
{"level":"info","message":"Periodic log message","timestamp":"2024-10-03T14:03:00.086Z"}
{"level":"info","message":"Periodic log message","timestamp":"2024-10-03T14:03:05.111Z"}
{"level":"info","message":"Periodic log message","timestamp":"2024-10-03T14:03:10.136Z"}
{"level":"info","message":"Periodic log message","timestamp":"2024-10-03T14:03:15.162Z"}
{"level":"info","message":"Periodic log message","timestamp":"2024-10-03T14:03:20.186Z"}
{"level":"info","message":"Periodic log message","timestamp":"2024-10-03T14:03:25.195Z"}
{"level":"info","message":"Periodic log message","timestamp":"2024-10-03T14:03:30.219Z"}
{"level":"info","message":"Periodic log message","timestamp":"2024-10-03T14:03:35.244Z"}
{"level":"info","message":"Periodic log message","timestamp":"2024-10-03T14:03:40.269Z"}
{"level":"info","message":"Periodic log message","timestamp":"2024-10-03T14:03:45.294Z"}
{"level":"info","message":"Periodic log message","timestamp":"2024-10-03T14:03:50.319Z"}
{"level":"info","message":"Periodic log message","timestamp":"2024-10-03T14:03:55.344Z"}
{"level":"info","message":"Periodic log message","timestamp":"2024-10-03T14:04:00.369Z"}
{"level":"info","message":"Periodic log message","timestamp":"2024-10-03T14:04:05.383Z"}
{"level":"info","message":"Periodic log message","timestamp":"2024-10-03T14:04:10.407Z"}
{"level":"info","message":"Periodic log message","timestamp":"2024-10-03T14:04:15.432Z"}
{"level":"info","message":"Periodic log message","timestamp":"2024-10-03T14:04:20.457Z"}
{"level":"info","message":"Periodic log message","timestamp":"2024-10-03T14:04:25.482Z"}
{"level":"info","message":"Periodic log message","timestamp":"2024-10-03T14:04:30.507Z"}
{"level":"info","message":"Periodic log message","timestamp":"2024-10-03T14:04:35.525Z"}
{"level":"info","message":"Periodic log message","timestamp":"2024-10-03T14:04:40.550Z"}
{"level":"info","message":"Periodic log message","timestamp":"2024-10-03T14:04:45.575Z"}
{"level":"info","message":"Periodic log message","timestamp":"2024-10-03T14:04:50.600Z"}
{"level":"info","message":"Periodic log message","timestamp":"2024-10-03T14:04:55.625Z"}
{"level":"info","message":"Periodic log message","timestamp":"2024-10-03T14:05:00.650Z"}
{"level":"info","message":"Periodic log message","timestamp":"2024-10-03T14:05:05.675Z"}
{"level":"info","message":"Periodic log message","timestamp":"2024-10-03T14:05:10.700Z"}
{"level":"info","message":"Periodic log message","timestamp":"2024-10-03T14:05:15.725Z"}
{"level":"info","message":"Periodic log message","timestamp":"2024-10-03T14:05:20.750Z"}
{"level":"info","message":"Periodic log message","timestamp":"2024-10-03T14:05:25.775Z"}
{"level":"info","message":"Periodic log message","timestamp":"2024-10-03T14:05:30.800Z"}
{"level":"info","message":"Periodic log message","timestamp":"2024-10-03T14:05:35.825Z"}
{"level":"info","message":"Periodic log message","timestamp":"2024-10-03T14:05:40.850Z"}
{"level":"info","message":"Periodic log message","timestamp":"2024-10-03T14:05:45.875Z"}
{"level":"info","message":"Periodic log message","timestamp":"2024-10-03T14:05:50.900Z"}
{"level":"info","message":"Periodic log message","timestamp":"2024-10-03T14:05:55.925Z"}
{"level":"info","message":"Periodic log message","timestamp":"2024-10-03T14:06:00.930Z"}
{"level":"info","message":"Periodic log message","timestamp":"2024-10-03T14:06:05.935Z"}
{"level":"info","message":"Periodic log message","timestamp":"2024-10-03T14:06:10.940Z"}
{"level":"info","message":"Periodic log message","timestamp":"2024-10-03T14:06:15.945Z"}
{"level":"info","message":"Periodic log message","timestamp":"2024-10-03T14:06:20.950Z"}
{"level":"info","message":"Periodic log message","timestamp":"2024-10-03T14:06:25.955Z"}
{"level":"info","message":"Periodic log message","timestamp":"2024-10-03T14:06:30.961Z"}
{"level":"info","message":"Periodic log message","timestamp":"2024-10-03T14:06:35.965Z"}
{"level":"info","message":"Periodic log message","timestamp":"2024-10-03T14:06:40.990Z"}
{"level":"info","message":"Periodic log message","timestamp":"2024-10-03T14:06:46.015Z"}
{"level":"info","message":"Periodic log message","timestamp":"2024-10-03T14:06:51.040Z"}
{"level":"info","message":"Periodic log message","timestamp":"2024-10-03T14:06:56.065Z"}
{"level":"info","message":"Periodic log message","timestamp":"2024-10-03T14:07:01.084Z"}
{"level":"info","message":"Periodic log message","timestamp":"2024-10-03T14:07:06.110Z"}
{"level":"info","message":"Periodic log message","timestamp":"2024-10-03T14:07:11.135Z"}
{"level":"info","message":"Periodic log message","timestamp":"2024-10-03T14:07:16.160Z"}
{"level":"info","message":"Periodic log message","timestamp":"2024-10-03T14:07:21.185Z"}
{"level":"info","message":"Periodic log message","timestamp":"2024-10-03T14:07:26.210Z"}
{"level":"info","message":"Periodic log message","timestamp":"2024-10-03T14:07:31.235Z"}
{"level":"info","message":"Periodic log message","timestamp":"2024-10-03T14:07:36.260Z"}
{"level":"info","message":"Periodic log message","timestamp":"2024-10-03T14:07:41.285Z"}
{"level":"info","message":"Periodic log message","timestamp":"2024-10-03T14:07:46.310Z"}
{"level":"info","message":"Periodic log message","timestamp":"2024-10-03T14:07:51.325Z"}
{"level":"info","message":"Periodic log message","timestamp":"2024-10-03T14:07:56.349Z"}
{"level":"info","message":"Periodic log message","timestamp":"2024-10-03T14:08:01.374Z"}
{"level":"info","message":"Periodic log message","timestamp":"2024-10-03T14:08:06.399Z"}
{"level":"info","message":"Periodic log message","timestamp":"2024-10-03T14:08:11.400Z"}
{"level":"info","message":"Periodic log message","timestamp":"2024-10-03T14:08:16.405Z"}
{"level":"info","message":"Periodic log message","timestamp":"2024-10-03T14:08:21.430Z"}
{"level":"info","message":"Periodic log message","timestamp":"2024-10-03T14:08:26.436Z"}
{"level":"info","message":"Periodic log message","timestamp":"2024-10-03T14:08:31.441Z"}
{"level":"info","message":"Periodic log message","timestamp":"2024-10-03T14:08:36.446Z"}
{"level":"info","message":"Periodic log message","timestamp":"2024-10-03T14:08:41.452Z"}
{"level":"info","message":"Periodic log message","timestamp":"2024-10-03T14:08:46.457Z"}
{"level":"info","message":"Periodic log message","timestamp":"2024-10-03T14:08:51.462Z"}
{"level":"info","message":"Periodic log message","timestamp":"2024-10-03T14:08:56.467Z"}
{"level":"info","message":"Periodic log message","timestamp":"2024-10-03T14:09:01.472Z"}
{"level":"info","message":"Periodic log message","timestamp":"2024-10-03T14:09:06.477Z"}
{"level":"info","message":"Periodic log message","timestamp":"2024-10-03T14:09:11.482Z"}
{"level":"info","message":"Periodic log message","timestamp":"2024-10-03T14:09:16.507Z"}
{"level":"info","message":"Periodic log message","timestamp":"2024-10-03T14:09:21.532Z"}
{"level":"info","message":"Periodic log message","timestamp":"2024-10-03T14:09:26.553Z"}
{"level":"info","message":"Periodic log message","timestamp":"2024-10-03T14:09:31.578Z"}
{"level":"info","message":"Periodic log message","timestamp":"2024-10-03T14:09:36.603Z"}
{"level":"info","message":"Periodic log message","timestamp":"2024-10-03T14:09:41.614Z"}
{"level":"info","message":"Periodic log message","timestamp":"2024-10-03T14:09:46.638Z"}
{"level":"info","message":"Periodic log message","timestamp":"2024-10-03T14:09:51.663Z"}
{"level":"info","message":"Periodic log message","timestamp":"2024-10-03T14:09:56.688Z"}
{"level":"info","message":"Periodic log message","timestamp":"2024-10-03T14:10:01.713Z"}
{"level":"info","message":"Periodic log message","timestamp":"2024-10-03T14:10:06.738Z"}
{"level":"info","message":"Periodic log message","timestamp":"2024-10-03T14:10:11.743Z"}
{"level":"info","message":"Periodic log message","timestamp":"2024-10-03T14:10:16.748Z"}
{"level":"info","message":"Periodic log message","timestamp":"2024-10-03T14:10:21.753Z"}
{"level":"info","message":"Periodic log message","timestamp":"2024-10-03T14:10:26.758Z"}
{"level":"info","message":"Periodic log message","timestamp":"2024-10-03T14:10:31.764Z"}
{"level":"info","message":"Periodic log message","timestamp":"2024-10-03T14:10:36.789Z"}
{"level":"info","message":"Periodic log message","timestamp":"2024-10-03T14:10:41.814Z"}
{"level":"info","message":"Periodic log message","timestamp":"2024-10-03T14:10:46.839Z"}
{"level":"info","message":"Periodic log message","timestamp":"2024-10-03T14:10:51.851Z"}
{"level":"info","message":"Periodic log message","timestamp":"2024-10-03T14:10:56.873Z"}
{"level":"info","message":"Periodic log message","timestamp":"2024-10-03T14:11:01.899Z"}
{"level":"info","message":"Periodic log message","timestamp":"2024-10-03T14:11:06.924Z"}
{"level":"info","message":"Periodic log message","timestamp":"2024-10-03T14:11:11.949Z"}
{"level":"info","message":"Periodic log message","timestamp":"2024-10-03T14:11:16.974Z"}
{"level":"info","message":"Periodic log message","timestamp":"2024-10-03T14:11:21.999Z"}
{"level":"info","message":"Periodic log message","timestamp":"2024-10-03T14:11:27.024Z"}
{"level":"info","message":"Periodic log message","timestamp":"2024-10-03T14:11:32.049Z"}
{"level":"info","message":"Periodic log message","timestamp":"2024-10-03T14:11:37.074Z"}
{"level":"info","message":"Periodic log message","timestamp":"2024-10-03T14:11:42.079Z"}
{"level":"info","message":"Periodic log message","timestamp":"2024-10-03T14:11:47.084Z"}
{"level":"info","message":"Periodic log message","timestamp":"2024-10-03T14:11:52.089Z"}
{"level":"info","message":"Periodic log message","timestamp":"2024-10-03T14:11:57.094Z"}
{"level":"info","message":"Periodic log message","timestamp":"2024-10-03T14:12:02.099Z"}
{"level":"info","message":"Periodic log message","timestamp":"2024-10-03T14:12:07.104Z"}
{"level":"info","message":"Periodic log message","timestamp":"2024-10-03T14:12:12.109Z"}
{"level":"info","message":"Periodic log message","timestamp":"2024-10-03T14:12:17.114Z"}
{"level":"info","message":"Periodic log message","timestamp":"2024-10-03T14:12:22.119Z"}
{"level":"info","message":"Periodic log message","timestamp":"2024-10-03T14:12:27.144Z"}
{"level":"info","message":"Periodic log message","timestamp":"2024-10-03T14:12:32.169Z"}
{"level":"info","message":"Periodic log message","timestamp":"2024-10-03T14:12:37.194Z"}
{"level":"info","message":"Periodic log message","timestamp":"2024-10-03T14:12:42.219Z"}
{"level":"info","message":"Periodic log message","timestamp":"2024-10-03T14:12:47.244Z"}
{"level":"info","message":"Periodic log message","timestamp":"2024-10-03T14:12:52.269Z"}
{"level":"info","message":"Periodic log message","timestamp":"2024-10-03T14:12:57.294Z"}
{"level":"info","message":"Periodic log message","timestamp":"2024-10-03T14:13:02.319Z"}
{"level":"info","message":"Periodic log message","timestamp":"2024-10-03T14:13:07.344Z"}
{"level":"info","message":"Periodic log message","timestamp":"2024-10-03T14:13:12.369Z"}
{"level":"info","message":"Periodic log message","timestamp":"2024-10-03T14:13:17.394Z"}
{"level":"info","message":"Periodic log message","timestamp":"2024-10-03T14:13:22.419Z"}
{"level":"info","message":"Periodic log message","timestamp":"2024-10-03T14:13:27.444Z"}
{"level":"info","message":"Periodic log message","timestamp":"2024-10-03T14:13:32.469Z"}
{"level":"info","message":"Periodic log message","timestamp":"2024-10-03T14:13:37.494Z"}
{"level":"info","message":"Periodic log message","timestamp":"2024-10-03T14:13:42.519Z"}
{"level":"info","message":"Periodic log message","timestamp":"2024-10-03T14:13:47.544Z"}
{"level":"info","message":"Periodic log message","timestamp":"2024-10-03T14:13:52.567Z"}
{"level":"info","message":"Periodic log message","timestamp":"2024-10-03T14:13:57.591Z"}
{"level":"info","message":"Periodic log message","timestamp":"2024-10-03T14:14:02.616Z"}
{"level":"info","message":"Periodic log message","timestamp":"2024-10-03T14:14:07.631Z"}
{"level":"info","message":"Periodic log message","timestamp":"2024-10-03T14:14:12.656Z"}
{"level":"info","message":"Periodic log message","timestamp":"2024-10-03T14:14:17.681Z"}
{"level":"info","message":"Periodic log message","timestamp":"2024-10-03T14:14:22.686Z"}
{"level":"info","message":"Periodic log message","timestamp":"2024-10-03T14:14:27.692Z"}
{"level":"info","message":"Periodic log message","timestamp":"2024-10-03T14:14:32.696Z"}
{"level":"info","message":"Periodic log message","timestamp":"2024-10-03T14:14:37.701Z"}
{"level":"info","message":"Periodic log message","timestamp":"2024-10-03T14:14:42.706Z"}
{"level":"info","message":"Periodic log message","timestamp":"2024-10-03T14:14:47.711Z"}
{"level":"info","message":"Periodic log message","timestamp":"2024-10-03T14:14:52.716Z"}
{"level":"info","message":"Periodic log message","timestamp":"2024-10-03T14:14:57.719Z"}
{"level":"info","message":"Periodic log message","timestamp":"2024-10-03T14:15:02.724Z"}
{"level":"info","message":"Periodic log message","timestamp":"2024-10-03T14:15:07.729Z"}
{"level":"info","message":"Periodic log message","timestamp":"2024-10-03T14:15:12.734Z"}
{"level":"info","message":"Periodic log message","timestamp":"2024-10-03T14:15:17.739Z"}
{"level":"info","message":"Periodic log message","timestamp":"2024-10-03T14:15:22.745Z"}
{"level":"info","message":"Periodic log message","timestamp":"2024-10-03T14:15:27.751Z"}
{"level":"info","message":"Periodic log message","timestamp":"2024-10-03T14:15:32.756Z"}
{"level":"info","message":"Periodic log message","timestamp":"2024-10-03T14:15:37.762Z"}
{"level":"info","message":"Periodic log message","timestamp":"2024-10-03T14:15:42.766Z"}
{"level":"info","message":"Periodic log message","timestamp":"2024-10-03T14:15:47.792Z"}
{"level":"info","message":"Periodic log message","timestamp":"2024-10-03T14:15:52.797Z"}
{"level":"info","message":"Periodic log message","timestamp":"2024-10-03T14:15:57.802Z"}
{"level":"info","message":"Periodic log message","timestamp":"2024-10-03T14:16:02.807Z"}
{"level":"info","message":"Periodic log message","timestamp":"2024-10-03T14:16:07.812Z"}
{"level":"info","message":"Periodic log message","timestamp":"2024-10-03T14:16:12.817Z"}
{"level":"info","message":"Periodic log message","timestamp":"2024-10-03T14:16:17.822Z"}
{"level":"info","message":"Periodic log message","timestamp":"2024-10-03T14:16:22.847Z"}
{"level":"info","message":"Periodic log message","timestamp":"2024-10-03T14:16:27.872Z"}
{"level":"info","message":"Periodic log message","timestamp":"2024-10-03T14:16:32.897Z"}
{"level":"info","message":"Periodic log message","timestamp":"2024-10-03T14:16:37.922Z"}
{"level":"info","message":"Periodic log message","timestamp":"2024-10-03T14:16:42.948Z"}
{"level":"info","message":"Periodic log message","timestamp":"2024-10-03T14:16:47.972Z"}
{"level":"info","message":"Periodic log message","timestamp":"2024-10-03T14:16:52.997Z"}
{"level":"info","message":"Periodic log message","timestamp":"2024-10-03T14:16:58.022Z"}
{"level":"info","message":"Periodic log message","timestamp":"2024-10-03T14:17:03.047Z"}
{"level":"info","message":"Periodic log message","timestamp":"2024-10-03T14:17:08.072Z"}
{"level":"info","message":"Periodic log message","timestamp":"2024-10-03T14:17:13.097Z"}
{"level":"info","message":"Periodic log message","timestamp":"2024-10-03T14:17:18.122Z"}
{"level":"info","message":"Periodic log message","timestamp":"2024-10-03T14:17:23.147Z"}
{"level":"info","message":"Periodic log message","timestamp":"2024-10-03T14:17:28.172Z"}
{"level":"info","message":"Periodic log message","timestamp":"2024-10-03T14:17:33.197Z"}
{"level":"info","message":"Periodic log message","timestamp":"2024-10-03T14:17:38.222Z"}
{"level":"info","message":"Periodic log message","timestamp":"2024-10-03T14:17:43.247Z"}
{"level":"info","message":"Periodic log message","timestamp":"2024-10-03T14:17:48.272Z"}
{"level":"info","message":"Periodic log message","timestamp":"2024-10-03T14:17:53.297Z"}
{"level":"info","message":"Periodic log message","timestamp":"2024-10-03T14:17:58.322Z"}
{"level":"info","message":"Periodic log message","timestamp":"2024-10-03T14:18:03.347Z"}
{"level":"info","message":"Periodic log message","timestamp":"2024-10-03T14:18:08.372Z"}
{"level":"info","message":"Periodic log message","timestamp":"2024-10-03T14:18:13.397Z"}
{"level":"info","message":"Periodic log message","timestamp":"2024-10-03T14:18:18.422Z"}
{"level":"info","message":"Periodic log message","timestamp":"2024-10-03T14:18:23.447Z"}
{"level":"info","message":"Periodic log message","timestamp":"2024-10-03T14:18:28.472Z"}
{"level":"info","message":"Periodic log message","timestamp":"2024-10-03T14:18:33.497Z"}
{"level":"info","message":"Periodic log message","timestamp":"2024-10-03T14:18:38.522Z"}
{"level":"info","message":"Periodic log message","timestamp":"2024-10-03T14:18:43.547Z"}
{"level":"info","message":"Periodic log message","timestamp":"2024-10-03T14:18:48.572Z"}
{"level":"info","message":"Periodic log message","timestamp":"2024-10-03T14:18:53.597Z"}
{"level":"info","message":"Periodic log message","timestamp":"2024-10-03T14:18:58.622Z"}
{"level":"info","message":"Periodic log message","timestamp":"2024-10-03T14:19:03.623Z"}
{"level":"info","message":"Periodic log message","timestamp":"2024-10-03T14:19:08.648Z"}
{"level":"info","message":"Periodic log message","timestamp":"2024-10-03T14:19:13.673Z"}
{"level":"info","message":"Periodic log message","timestamp":"2024-10-03T14:19:18.698Z"}
{"level":"info","message":"Periodic log message","timestamp":"2024-10-03T14:19:23.721Z"}
{"level":"info","message":"Periodic log message","timestamp":"2024-10-03T14:19:28.746Z"}
{"level":"info","message":"Periodic log message","timestamp":"2024-10-03T14:19:33.771Z"}
{"level":"info","message":"Periodic log message","timestamp":"2024-10-03T14:19:38.776Z"}
{"level":"info","message":"Periodic log message","timestamp":"2024-10-03T14:19:43.801Z"}
{"level":"info","message":"Periodic log message","timestamp":"2024-10-03T14:19:48.826Z"}
{"level":"info","message":"Periodic log message","timestamp":"2024-10-03T14:19:53.851Z"}
{"level":"info","message":"Periodic log message","timestamp":"2024-10-03T14:19:58.876Z"}
{"level":"info","message":"Periodic log message","timestamp":"2024-10-03T14:20:03.901Z"}
{"level":"info","message":"Periodic log message","timestamp":"2024-10-03T14:20:08.926Z"}
{"level":"info","message":"Periodic log message","timestamp":"2024-10-03T14:20:13.951Z"}
{"level":"info","message":"Periodic log message","timestamp":"2024-10-03T14:20:18.976Z"}
{"level":"info","message":"Periodic log message","timestamp":"2024-10-03T14:20:24.001Z"}
{"level":"info","message":"Periodic log message","timestamp":"2024-10-03T14:20:29.026Z"}
{"level":"info","message":"Periodic log message","timestamp":"2024-10-03T14:20:34.032Z"}
{"level":"info","message":"Periodic log message","timestamp":"2024-10-03T14:20:39.037Z"}
{"level":"info","message":"Periodic log message","timestamp":"2024-10-03T14:20:44.042Z"}
{"level":"info","message":"Periodic log message","timestamp":"2024-10-03T14:20:49.067Z"}
{"level":"info","message":"Periodic log message","timestamp":"2024-10-03T14:20:54.092Z"}
{"level":"info","message":"Periodic log message","timestamp":"2024-10-03T14:20:59.097Z"}
{"level":"info","message":"Periodic log message","timestamp":"2024-10-03T14:21:04.102Z"}
{"level":"info","message":"Periodic log message","timestamp":"2024-10-03T14:21:09.127Z"}
{"level":"info","message":"Periodic log message","timestamp":"2024-10-03T14:21:14.152Z"}
{"level":"info","message":"Periodic log message","timestamp":"2024-10-03T14:21:19.174Z"}
{"level":"info","message":"Periodic log message","timestamp":"2024-10-03T14:21:24.199Z"}
{"level":"info","message":"Periodic log message","timestamp":"2024-10-03T14:21:29.224Z"}
{"level":"info","message":"Periodic log message","timestamp":"2024-10-03T14:21:34.248Z"}
{"level":"info","message":"Periodic log message","timestamp":"2024-10-03T14:21:39.273Z"}
{"level":"info","message":"Periodic log message","timestamp":"2024-10-03T14:21:44.278Z"}
{"level":"info","message":"Periodic log message","timestamp":"2024-10-03T14:21:49.284Z"}
{"level":"info","message":"Periodic log message","timestamp":"2024-10-03T14:21:54.288Z"}
{"level":"info","message":"Periodic log message","timestamp":"2024-10-03T14:21:59.289Z"}
{"level":"info","message":"Periodic log message","timestamp":"2024-10-03T14:22:04.295Z"}
{"level":"info","message":"Periodic log message","timestamp":"2024-10-03T14:22:09.297Z"}
{"level":"info","message":"Periodic log message","timestamp":"2024-10-03T14:22:14.302Z"}
{"level":"info","message":"Periodic log message","timestamp":"2024-10-03T14:22:19.307Z"}
{"level":"info","message":"Periodic log message","timestamp":"2024-10-03T14:22:24.312Z"}
{"level":"info","message":"Periodic log message","timestamp":"2024-10-03T14:22:29.321Z"}
{"level":"info","message":"Periodic log message","timestamp":"2024-10-03T14:22:34.345Z"}
{"level":"info","message":"Periodic log message","timestamp":"2024-10-03T14:22:39.370Z"}
{"level":"info","message":"Periodic log message","timestamp":"2024-10-03T14:22:44.395Z"}
{"level":"info","message":"Periodic log message","timestamp":"2024-10-03T14:22:49.400Z"}
{"level":"info","message":"Periodic log message","timestamp":"2024-10-03T14:22:54.414Z"}
{"level":"info","message":"Periodic log message","timestamp":"2024-10-03T14:22:59.419Z"}
{"level":"info","message":"Periodic log message","timestamp":"2024-10-03T14:23:04.424Z"}
{"level":"info","message":"Periodic log message","timestamp":"2024-10-03T14:23:09.429Z"}
{"level":"info","message":"Periodic log message","timestamp":"2024-10-03T14:23:14.454Z"}
{"level":"info","message":"Periodic log message","timestamp":"2024-10-03T14:23:19.459Z"}
{"level":"info","message":"Periodic log message","timestamp":"2024-10-03T14:23:24.464Z"}
{"level":"info","message":"Periodic log message","timestamp":"2024-10-03T14:23:29.470Z"}
{"level":"info","message":"Periodic log message","timestamp":"2024-10-03T14:23:34.475Z"}
{"level":"info","message":"Periodic log message","timestamp":"2024-10-03T14:23:39.480Z"}
{"level":"info","message":"Periodic log message","timestamp":"2024-10-03T14:23:44.485Z"}
{"level":"info","message":"Periodic log message","timestamp":"2024-10-03T14:23:49.490Z"}
{"level":"info","message":"Periodic log message","timestamp":"2024-10-03T14:23:54.495Z"}
{"level":"info","message":"Periodic log message","timestamp":"2024-10-03T14:23:59.521Z"}
{"level":"info","message":"Periodic log message","timestamp":"2024-10-03T14:24:04.521Z"}
{"level":"info","message":"Periodic log message","timestamp":"2024-10-03T14:24:09.546Z"}
{"level":"info","message":"Periodic log message","timestamp":"2024-10-03T14:24:14.572Z"}
{"level":"info","message":"Periodic log message","timestamp":"2024-10-03T14:24:19.596Z"}
{"level":"info","message":"Periodic log message","timestamp":"2024-10-03T14:24:24.621Z"}
{"level":"info","message":"Periodic log message","timestamp":"2024-10-03T14:24:29.646Z"}
{"level":"info","message":"Periodic log message","timestamp":"2024-10-03T14:24:34.651Z"}
{"level":"info","message":"Periodic log message","timestamp":"2024-10-03T14:24:39.656Z"}
{"level":"info","message":"Periodic log message","timestamp":"2024-10-03T14:24:44.661Z"}
{"level":"info","message":"Periodic log message","timestamp":"2024-10-03T14:24:49.666Z"}
{"level":"info","message":"Periodic log message","timestamp":"2024-10-03T14:24:54.671Z"}
{"level":"info","message":"Periodic log message","timestamp":"2024-10-03T14:24:59.677Z"}
{"level":"info","message":"Periodic log message","timestamp":"2024-10-03T14:25:04.681Z"}
{"level":"info","message":"Periodic log message","timestamp":"2024-10-03T14:25:09.686Z"}
{"level":"info","message":"Periodic log message","timestamp":"2024-10-03T14:25:14.692Z"}
{"level":"info","message":"Periodic log message","timestamp":"2024-10-03T14:25:19.697Z"}
{"level":"info","message":"Periodic log message","timestamp":"2024-10-03T14:25:24.702Z"}
{"level":"info","message":"Periodic log message","timestamp":"2024-10-03T14:25:29.711Z"}
{"level":"info","message":"Periodic log message","timestamp":"2024-10-03T14:25:34.716Z"}
{"level":"info","message":"Periodic log message","timestamp":"2024-10-03T14:25:39.721Z"}
{"level":"info","message":"Periodic log message","timestamp":"2024-10-03T14:25:44.746Z"}
{"level":"info","message":"Periodic log message","timestamp":"2024-10-03T14:25:49.771Z"}
{"level":"info","message":"Periodic log message","timestamp":"2024-10-03T14:25:54.796Z"}
{"level":"info","message":"Periodic log message","timestamp":"2024-10-03T14:25:59.812Z"}
{"level":"info","message":"Periodic log message","timestamp":"2024-10-03T14:26:04.837Z"}
{"level":"info","message":"Periodic log message","timestamp":"2024-10-03T14:26:09.862Z"}
{"level":"info","message":"Periodic log message","timestamp":"2024-10-03T14:26:14.887Z"}
{"level":"info","message":"Periodic log message","timestamp":"2024-10-03T14:26:19.897Z"}
{"level":"info","message":"Periodic log message","timestamp":"2024-10-03T14:26:24.922Z"}
{"level":"info","message":"Periodic log message","timestamp":"2024-10-03T14:26:29.947Z"}
{"level":"info","message":"Periodic log message","timestamp":"2024-10-03T14:26:34.972Z"}
{"level":"info","message":"Periodic log message","timestamp":"2024-10-03T14:26:39.998Z"}
{"level":"info","message":"Periodic log message","timestamp":"2024-10-03T14:26:45.022Z"}
{"level":"info","message":"Periodic log message","timestamp":"2024-10-03T14:26:50.047Z"}
{"level":"info","message":"Periodic log message","timestamp":"2024-10-03T14:26:55.072Z"}
{"level":"info","message":"Periodic log message","timestamp":"2024-10-03T14:27:00.077Z"}
{"level":"info","message":"Periodic log message","timestamp":"2024-10-03T14:27:05.102Z"}
{"level":"info","message":"Periodic log message","timestamp":"2024-10-03T14:27:10.127Z"}
{"level":"info","message":"Periodic log message","timestamp":"2024-10-03T14:27:15.152Z"}
{"level":"info","message":"Periodic log message","timestamp":"2024-10-03T14:27:20.177Z"}
{"level":"info","message":"Periodic log message","timestamp":"2024-10-03T14:27:25.202Z"}
{"level":"info","message":"Periodic log message","timestamp":"2024-10-03T14:27:30.206Z"}
{"level":"info","message":"Periodic log message","timestamp":"2024-10-03T14:27:35.231Z"}
{"level":"info","message":"Periodic log message","timestamp":"2024-10-03T14:27:40.256Z"}
{"level":"info","message":"Periodic log message","timestamp":"2024-10-03T14:27:45.281Z"}
{"level":"info","message":"Periodic log message","timestamp":"2024-10-03T14:27:50.306Z"}
{"level":"info","message":"Periodic log message","timestamp":"2024-10-03T14:27:55.331Z"}
{"level":"info","message":"Periodic log message","timestamp":"2024-10-03T14:28:00.356Z"}
{"level":"info","message":"Periodic log message","timestamp":"2024-10-03T14:28:05.381Z"}
{"level":"info","message":"Periodic log message","timestamp":"2024-10-03T14:28:10.406Z"}
{"level":"info","message":"Periodic log message","timestamp":"2024-10-03T14:28:15.431Z"}
{"level":"info","message":"Periodic log message","timestamp":"2024-10-03T14:28:20.456Z"}
{"level":"info","message":"Periodic log message","timestamp":"2024-10-03T14:28:25.481Z"}
{"level":"info","message":"Periodic log message","timestamp":"2024-10-03T14:28:30.507Z"}
{"level":"info","message":"Periodic log message","timestamp":"2024-10-03T14:28:35.532Z"}
{"level":"info","message":"Periodic log message","timestamp":"2024-10-03T14:28:40.557Z"}
{"level":"info","message":"Periodic log message","timestamp":"2024-10-03T14:28:45.582Z"}
{"level":"info","message":"Periodic log message","timestamp":"2024-10-03T14:28:50.607Z"}
{"level":"info","message":"Periodic log message","timestamp":"2024-10-03T14:28:55.632Z"}
{"level":"info","message":"Periodic log message","timestamp":"2024-10-03T14:29:00.657Z"}
{"level":"info","message":"Periodic log message","timestamp":"2024-10-03T14:29:05.677Z"}
{"level":"info","message":"Periodic log message","timestamp":"2024-10-03T14:29:10.703Z"}
{"level":"info","message":"Periodic log message","timestamp":"2024-10-03T14:29:15.708Z"}
{"level":"info","message":"Periodic log message","timestamp":"2024-10-03T14:29:20.713Z"}
{"level":"info","message":"Periodic log message","timestamp":"2024-10-03T14:29:25.718Z"}
{"level":"info","message":"Periodic log message","timestamp":"2024-10-03T14:29:30.723Z"}
{"level":"info","message":"Periodic log message","timestamp":"2024-10-03T14:29:35.728Z"}
{"level":"info","message":"Periodic log message","timestamp":"2024-10-03T14:29:40.733Z"}
{"level":"info","message":"Periodic log message","timestamp":"2024-10-03T14:29:45.758Z"}
{"level":"info","message":"Periodic log message","timestamp":"2024-10-03T14:29:50.783Z"}
{"level":"info","message":"Periodic log message","timestamp":"2024-10-03T14:29:55.788Z"}
{"level":"info","message":"Periodic log message","timestamp":"2024-10-03T14:30:00.813Z"}
{"level":"info","message":"Periodic log message","timestamp":"2024-10-03T14:30:05.838Z"}
{"level":"info","message":"Periodic log message","timestamp":"2024-10-03T14:30:10.863Z"}
{"level":"info","message":"Periodic log message","timestamp":"2024-10-03T14:30:15.877Z"}
{"level":"info","message":"Periodic log message","timestamp":"2024-10-03T14:30:20.902Z"}
{"level":"info","message":"Periodic log message","timestamp":"2024-10-03T14:30:25.927Z"}
{"level":"info","message":"Periodic log message","timestamp":"2024-10-03T14:30:30.952Z"}
{"level":"info","message":"Periodic log message","timestamp":"2024-10-03T14:30:35.977Z"}
{"level":"info","message":"Periodic log message","timestamp":"2024-10-03T14:30:41.002Z"}
{"level":"info","message":"Periodic log message","timestamp":"2024-10-03T14:30:46.025Z"}
{"level":"info","message":"Periodic log message","timestamp":"2024-10-03T14:30:51.050Z"}
{"level":"info","message":"Periodic log message","timestamp":"2024-10-03T14:30:56.075Z"}
{"level":"info","message":"Periodic log message","timestamp":"2024-10-03T14:31:01.089Z"}
{"level":"info","message":"Periodic log message","timestamp":"2024-10-03T14:31:06.115Z"}
{"level":"info","message":"Periodic log message","timestamp":"2024-10-03T14:31:11.140Z"}
{"level":"info","message":"Periodic log message","timestamp":"2024-10-03T14:31:16.165Z"}
{"level":"info","message":"Periodic log message","timestamp":"2024-10-03T14:31:21.176Z"}
{"level":"info","message":"Periodic log message","timestamp":"2024-10-03T14:31:26.201Z"}
{"level":"info","message":"Periodic log message","timestamp":"2024-10-03T14:31:31.217Z"}
{"level":"info","message":"Periodic log message","timestamp":"2024-10-03T14:31:36.242Z"}
{"level":"info","message":"Periodic log message","timestamp":"2024-10-03T14:31:41.267Z"}
{"level":"info","message":"Periodic log message","timestamp":"2024-10-03T14:31:46.292Z"}
{"level":"info","message":"Periodic log message","timestamp":"2024-10-03T14:31:51.317Z"}
{"level":"info","message":"Periodic log message","timestamp":"2024-10-03T14:31:56.342Z"}
{"level":"info","message":"Periodic log message","timestamp":"2024-10-03T14:32:01.367Z"}
{"level":"info","message":"Periodic log message","timestamp":"2024-10-03T14:32:06.389Z"}
{"level":"info","message":"Periodic log message","timestamp":"2024-10-03T14:32:11.413Z"}
{"level":"info","message":"Periodic log message","timestamp":"2024-10-03T14:32:16.439Z"}
{"level":"info","message":"Periodic log message","timestamp":"2024-10-03T14:32:21.450Z"}
{"level":"info","message":"Periodic log message","timestamp":"2024-10-03T14:32:26.475Z"}
{"level":"info","message":"Periodic log message","timestamp":"2024-10-03T14:32:31.501Z"}
{"level":"info","message":"Periodic log message","timestamp":"2024-10-03T14:32:36.525Z"}
{"level":"info","message":"Periodic log message","timestamp":"2024-10-03T14:32:41.550Z"}
{"level":"info","message":"Periodic log message","timestamp":"2024-10-03T14:32:46.576Z"}
{"level":"info","message":"Periodic log message","timestamp":"2024-10-03T14:32:51.596Z"}
{"level":"info","message":"Periodic log message","timestamp":"2024-10-03T14:32:56.621Z"}
{"level":"info","message":"Periodic log message","timestamp":"2024-10-03T14:33:01.631Z"}
{"level":"info","message":"Periodic log message","timestamp":"2024-10-03T14:33:06.650Z"}
{"level":"info","message":"Periodic log message","timestamp":"2024-10-03T14:33:11.674Z"}
{"level":"info","message":"Periodic log message","timestamp":"2024-10-03T14:33:16.699Z"}
{"level":"info","message":"Periodic log message","timestamp":"2024-10-03T14:33:21.724Z"}
{"level":"info","message":"Periodic log message","timestamp":"2024-10-03T14:33:26.750Z"}
{"level":"info","message":"Periodic log message","timestamp":"2024-10-03T14:33:31.775Z"}
{"level":"info","message":"Periodic log message","timestamp":"2024-10-03T14:33:36.801Z"}
{"level":"info","message":"Periodic log message","timestamp":"2024-10-03T14:33:41.826Z"}
{"level":"info","message":"Periodic log message","timestamp":"2024-10-03T14:33:46.831Z"}
{"level":"info","message":"Periodic log message","timestamp":"2024-10-03T14:33:51.856Z"}
{"level":"info","message":"Periodic log message","timestamp":"2024-10-03T14:33:56.881Z"}
{"level":"info","message":"Periodic log message","timestamp":"2024-10-03T14:34:01.907Z"}
{"level":"info","message":"Periodic log message","timestamp":"2024-10-03T14:34:06.932Z"}
{"level":"info","message":"Periodic log message","timestamp":"2024-10-03T14:34:11.957Z"}
{"level":"info","message":"Periodic log message","timestamp":"2024-10-03T14:34:16.976Z"}
{"level":"info","message":"Periodic log message","timestamp":"2024-10-03T14:34:22.002Z"}
{"level":"info","message":"Periodic log message","timestamp":"2024-10-03T14:34:27.021Z"}
{"level":"info","message":"Periodic log message","timestamp":"2024-10-03T14:34:32.046Z"}
{"level":"info","message":"Periodic log message","timestamp":"2024-10-03T14:34:37.071Z"}
{"level":"info","message":"Periodic log message","timestamp":"2024-10-03T14:34:42.097Z"}
{"level":"info","message":"Periodic log message","timestamp":"2024-10-03T14:34:47.121Z"}
{"level":"info","message":"Periodic log message","timestamp":"2024-10-03T14:34:52.131Z"}
{"level":"info","message":"Periodic log message","timestamp":"2024-10-03T14:34:57.157Z"}
{"level":"info","message":"Periodic log message","timestamp":"2024-10-03T14:35:02.182Z"}
{"level":"info","message":"Periodic log message","timestamp":"2024-10-03T14:35:07.198Z"}
{"level":"info","message":"Periodic log message","timestamp":"2024-10-03T14:35:12.222Z"}
{"level":"info","message":"Periodic log message","timestamp":"2024-10-03T14:35:17.239Z"}
{"level":"info","message":"Periodic log message","timestamp":"2024-10-03T14:35:22.264Z"}
{"level":"info","message":"Periodic log message","timestamp":"2024-10-03T14:35:27.289Z"}
{"level":"info","message":"Periodic log message","timestamp":"2024-10-03T14:35:32.301Z"}
{"level":"info","message":"Periodic log message","timestamp":"2024-10-03T14:35:37.314Z"}
{"level":"info","message":"Periodic log message","timestamp":"2024-10-03T14:35:42.339Z"}
{"level":"info","message":"Periodic log message","timestamp":"2024-10-03T14:35:47.345Z"}
{"level":"info","message":"Periodic log message","timestamp":"2024-10-03T14:35:52.355Z"}
{"level":"info","message":"Periodic log message","timestamp":"2024-10-03T14:35:57.380Z"}
{"level":"info","message":"Periodic log message","timestamp":"2024-10-03T14:36:02.406Z"}
{"level":"info","message":"Periodic log message","timestamp":"2024-10-03T14:36:07.430Z"}
{"level":"info","message":"Periodic log message","timestamp":"2024-10-03T14:36:12.456Z"}
{"level":"info","message":"Periodic log message","timestamp":"2024-10-03T14:36:17.480Z"}
{"level":"info","message":"Periodic log message","timestamp":"2024-10-03T14:36:22.506Z"}
{"level":"info","message":"Periodic log message","timestamp":"2024-10-03T14:36:27.531Z"}
{"level":"info","message":"Periodic log message","timestamp":"2024-10-03T14:36:32.556Z"}
{"level":"info","message":"Periodic log message","timestamp":"2024-10-03T14:36:37.581Z"}
{"level":"info","message":"Periodic log message","timestamp":"2024-10-03T14:36:42.606Z"}
{"level":"info","message":"Periodic log message","timestamp":"2024-10-03T14:36:47.631Z"}
{"level":"info","message":"Periodic log message","timestamp":"2024-10-03T14:36:52.650Z"}
{"level":"info","message":"Periodic log message","timestamp":"2024-10-03T14:36:57.675Z"}
{"level":"info","message":"Periodic log message","timestamp":"2024-10-03T14:37:02.700Z"}
{"level":"info","message":"Periodic log message","timestamp":"2024-10-03T14:37:07.725Z"}
{"level":"info","message":"Periodic log message","timestamp":"2024-10-03T14:37:12.731Z"}
{"level":"info","message":"Periodic log message","timestamp":"2024-10-03T14:37:17.757Z"}
{"level":"info","message":"Periodic log message","timestamp":"2024-10-03T14:37:22.769Z"}
{"level":"info","message":"Periodic log message","timestamp":"2024-10-03T14:37:27.771Z"}
{"level":"info","message":"Periodic log message","timestamp":"2024-10-03T14:37:32.786Z"}
{"level":"info","message":"Periodic log message","timestamp":"2024-10-03T14:37:37.811Z"}
{"level":"info","message":"Periodic log message","timestamp":"2024-10-03T14:37:42.837Z"}
{"level":"info","message":"Periodic log message","timestamp":"2024-10-03T14:37:47.861Z"}
{"level":"info","message":"Periodic log message","timestamp":"2024-10-03T14:37:52.886Z"}
{"level":"info","message":"Periodic log message","timestamp":"2024-10-03T14:37:57.909Z"}
{"level":"info","message":"Periodic log message","timestamp":"2024-10-03T14:38:02.915Z"}
{"level":"info","message":"Periodic log message","timestamp":"2024-10-03T14:38:07.921Z"}
{"level":"info","message":"Periodic log message","timestamp":"2024-10-03T14:38:12.939Z"}
{"level":"info","message":"Periodic log message","timestamp":"2024-10-03T14:38:17.964Z"}
{"level":"info","message":"Periodic log message","timestamp":"2024-10-03T14:38:22.989Z"}
{"level":"info","message":"Periodic log message","timestamp":"2024-10-03T14:38:28.006Z"}
{"level":"info","message":"Periodic log message","timestamp":"2024-10-03T14:38:33.032Z"}
{"level":"info","message":"Periodic log message","timestamp":"2024-10-03T14:38:38.048Z"}
{"level":"info","message":"Periodic log message","timestamp":"2024-10-03T14:38:43.049Z"}
{"level":"info","message":"Periodic log message","timestamp":"2024-10-03T14:38:48.074Z"}
{"level":"info","message":"Periodic log message","timestamp":"2024-10-03T14:38:53.099Z"}
{"level":"info","message":"Periodic log message","timestamp":"2024-10-03T14:38:58.124Z"}
{"level":"info","message":"Periodic log message","timestamp":"2024-10-03T14:39:03.147Z"}
{"level":"info","message":"Periodic log message","timestamp":"2024-10-03T14:39:08.160Z"}
{"level":"info","message":"Periodic log message","timestamp":"2024-10-03T14:39:13.181Z"}
{"level":"info","message":"Periodic log message","timestamp":"2024-10-03T14:39:18.206Z"}
{"level":"info","message":"Periodic log message","timestamp":"2024-10-03T14:39:23.231Z"}
{"level":"info","message":"Periodic log message","timestamp":"2024-10-03T14:39:28.256Z"}
{"level":"info","message":"Periodic log message","timestamp":"2024-10-03T14:39:33.260Z"}
{"level":"info","message":"Periodic log message","timestamp":"2024-10-03T14:39:38.285Z"}
{"level":"info","message":"Periodic log message","timestamp":"2024-10-03T14:39:43.311Z"}
{"level":"info","message":"Periodic log message","timestamp":"2024-10-03T14:39:48.337Z"}
{"level":"info","message":"Periodic log message","timestamp":"2024-10-03T14:39:53.350Z"}
{"level":"info","message":"Periodic log message","timestamp":"2024-10-03T14:39:58.374Z"}
{"level":"info","message":"Periodic log message","timestamp":"2024-10-03T14:40:03.399Z"}
{"level":"info","message":"Periodic log message","timestamp":"2024-10-03T14:40:08.411Z"}
{"level":"info","message":"Periodic log message","timestamp":"2024-10-03T14:40:13.435Z"}
{"level":"info","message":"Periodic log message","timestamp":"2024-10-03T14:40:18.443Z"}
{"level":"info","message":"Periodic log message","timestamp":"2024-10-03T14:40:23.468Z"}
{"level":"info","message":"Periodic log message","timestamp":"2024-10-03T14:40:28.493Z"}
{"level":"info","message":"Periodic log message","timestamp":"2024-10-03T14:40:33.518Z"}
{"level":"info","message":"Periodic log message","timestamp":"2024-10-03T14:40:38.543Z"}
{"level":"info","message":"Periodic log message","timestamp":"2024-10-03T14:40:43.568Z"}
{"level":"info","message":"Periodic log message","timestamp":"2024-10-03T14:40:48.587Z"}
{"level":"info","message":"Periodic log message","timestamp":"2024-10-03T14:40:53.612Z"}
{"level":"info","message":"Periodic log message","timestamp":"2024-10-03T14:40:58.631Z"}
{"level":"info","message":"Periodic log message","timestamp":"2024-10-03T14:41:03.654Z"}
{"level":"info","message":"Periodic log message","timestamp":"2024-10-03T14:41:08.679Z"}
{"level":"info","message":"Periodic log message","timestamp":"2024-10-03T14:41:13.704Z"}
{"level":"info","message":"Periodic log message","timestamp":"2024-10-03T14:41:18.724Z"}
{"level":"info","message":"Periodic log message","timestamp":"2024-10-03T14:41:23.737Z"}
{"level":"info","message":"Periodic log message","timestamp":"2024-10-03T14:41:28.763Z"}
{"level":"info","message":"Periodic log message","timestamp":"2024-10-03T14:41:33.787Z"}
{"level":"info","message":"Periodic log message","timestamp":"2024-10-03T14:41:38.812Z"}
{"level":"info","message":"Periodic log message","timestamp":"2024-10-03T14:41:43.837Z"}
{"level":"info","message":"Periodic log message","timestamp":"2024-10-03T14:41:48.862Z"}
{"level":"info","message":"Periodic log message","timestamp":"2024-10-03T14:41:53.887Z"}
{"level":"info","message":"Periodic log message","timestamp":"2024-10-03T14:41:58.912Z"}
{"level":"info","message":"Periodic log message","timestamp":"2024-10-03T14:42:03.937Z"}
{"level":"info","message":"Periodic log message","timestamp":"2024-10-03T14:42:08.947Z"}
{"level":"info","message":"Periodic log message","timestamp":"2024-10-03T14:42:13.972Z"}
{"level":"info","message":"Periodic log message","timestamp":"2024-10-03T14:42:18.987Z"}
{"level":"info","message":"Periodic log message","timestamp":"2024-10-03T14:42:24.012Z"}
{"level":"info","message":"Periodic log message","timestamp":"2024-10-03T14:42:29.016Z"}
{"level":"info","message":"Periodic log message","timestamp":"2024-10-03T14:42:34.020Z"}
{"level":"info","message":"Periodic log message","timestamp":"2024-10-03T14:42:39.045Z"}
{"level":"info","message":"Periodic log message","timestamp":"2024-10-03T14:42:44.053Z"}
{"level":"info","message":"Periodic log message","timestamp":"2024-10-03T14:42:49.073Z"}
{"level":"info","message":"Periodic log message","timestamp":"2024-10-03T14:42:54.098Z"}
{"level":"info","message":"Periodic log message","timestamp":"2024-10-03T14:42:59.123Z"}
{"level":"info","message":"Periodic log message","timestamp":"2024-10-03T14:43:04.148Z"}
{"level":"info","message":"Periodic log message","timestamp":"2024-10-03T14:43:09.173Z"}
{"level":"info","message":"Periodic log message","timestamp":"2024-10-03T14:43:14.198Z"}
{"level":"info","message":"Periodic log message","timestamp":"2024-10-03T14:43:19.223Z"}
{"level":"info","message":"Periodic log message","timestamp":"2024-10-03T14:43:24.237Z"}
{"level":"info","message":"Periodic log message","timestamp":"2024-10-03T14:43:29.258Z"}
{"level":"info","message":"Periodic log message","timestamp":"2024-10-03T14:43:34.280Z"}
{"level":"info","message":"Periodic log message","timestamp":"2024-10-03T14:43:39.302Z"}
{"level":"info","message":"Periodic log message","timestamp":"2024-10-03T14:43:44.326Z"}
{"level":"info","message":"Periodic log message","timestamp":"2024-10-03T14:43:49.343Z"}
{"level":"info","message":"Periodic log message","timestamp":"2024-10-03T14:43:54.369Z"}
{"level":"info","message":"Periodic log message","timestamp":"2024-10-03T14:43:59.370Z"}
{"level":"info","message":"Periodic log message","timestamp":"2024-10-03T14:44:04.383Z"}
{"level":"info","message":"Periodic log message","timestamp":"2024-10-03T14:44:09.409Z"}
{"level":"info","message":"Periodic log message","timestamp":"2024-10-03T14:44:14.431Z"}
{"level":"info","message":"Periodic log message","timestamp":"2024-10-03T14:44:19.457Z"}
{"level":"info","message":"Periodic log message","timestamp":"2024-10-03T14:44:24.470Z"}
{"level":"info","message":"Periodic log message","timestamp":"2024-10-03T14:44:29.496Z"}
{"level":"info","message":"Periodic log message","timestamp":"2024-10-03T14:44:34.508Z"}
{"level":"info","message":"Periodic log message","timestamp":"2024-10-03T14:44:39.521Z"}
{"level":"info","message":"Periodic log message","timestamp":"2024-10-03T14:44:44.546Z"}
{"level":"info","message":"Periodic log message","timestamp":"2024-10-03T14:44:49.572Z"}
{"level":"info","message":"Periodic log message","timestamp":"2024-10-03T14:44:54.596Z"}
{"level":"info","message":"Periodic log message","timestamp":"2024-10-03T14:44:59.621Z"}
{"level":"info","message":"Periodic log message","timestamp":"2024-10-03T14:45:04.646Z"}
{"level":"info","message":"Periodic log message","timestamp":"2024-10-03T14:45:09.671Z"}
{"level":"info","message":"Periodic log message","timestamp":"2024-10-03T14:45:14.696Z"}
{"level":"info","message":"Periodic log message","timestamp":"2024-10-03T14:45:19.718Z"}
{"level":"info","message":"Periodic log message","timestamp":"2024-10-03T14:45:24.743Z"}
{"level":"info","message":"Periodic log message","timestamp":"2024-10-03T14:45:29.768Z"}
{"level":"info","message":"Periodic log message","timestamp":"2024-10-03T14:45:34.787Z"}
{"level":"info","message":"Periodic log message","timestamp":"2024-10-03T14:45:39.811Z"}
{"level":"info","message":"Periodic log message","timestamp":"2024-10-03T14:45:44.836Z"}
{"level":"info","message":"Periodic log message","timestamp":"2024-10-03T14:45:49.843Z"}
{"level":"info","message":"Periodic log message","timestamp":"2024-10-03T14:45:54.868Z"}
{"level":"info","message":"Periodic log message","timestamp":"2024-10-03T14:45:59.894Z"}
{"level":"info","message":"Periodic log message","timestamp":"2024-10-03T14:46:04.913Z"}
{"level":"info","message":"Periodic log message","timestamp":"2024-10-03T14:46:09.938Z"}
{"level":"info","message":"Periodic log message","timestamp":"2024-10-03T14:46:14.963Z"}
{"level":"info","message":"Periodic log message","timestamp":"2024-10-03T14:46:19.988Z"}
{"level":"info","message":"Periodic log message","timestamp":"2024-10-03T14:46:25.013Z"}
{"level":"info","message":"Periodic log message","timestamp":"2024-10-03T14:46:30.038Z"}
{"level":"info","message":"Periodic log message","timestamp":"2024-10-03T14:46:35.063Z"}
{"level":"info","message":"Periodic log message","timestamp":"2024-10-03T14:46:40.088Z"}
{"level":"info","message":"Periodic log message","timestamp":"2024-10-03T14:46:45.113Z"}
{"level":"info","message":"Periodic log message","timestamp":"2024-10-03T14:46:50.138Z"}
{"level":"info","message":"Periodic log message","timestamp":"2024-10-03T14:46:55.164Z"}
{"level":"info","message":"Periodic log message","timestamp":"2024-10-03T14:47:00.188Z"}
{"level":"info","message":"Periodic log message","timestamp":"2024-10-03T14:47:05.213Z"}
{"level":"info","message":"Periodic log message","timestamp":"2024-10-03T14:47:10.238Z"}
{"level":"info","message":"Periodic log message","timestamp":"2024-10-03T14:47:15.263Z"}
{"level":"info","message":"Periodic log message","timestamp":"2024-10-03T14:47:20.288Z"}
{"level":"info","message":"Periodic log message","timestamp":"2024-10-03T14:47:25.313Z"}
{"level":"info","message":"Periodic log message","timestamp":"2024-10-03T14:47:30.338Z"}
{"level":"info","message":"Periodic log message","timestamp":"2024-10-03T14:47:35.363Z"}
{"level":"info","message":"Periodic log message","timestamp":"2024-10-03T14:47:40.388Z"}
{"level":"info","message":"Periodic log message","timestamp":"2024-10-03T14:47:45.413Z"}
{"level":"info","message":"Periodic log message","timestamp":"2024-10-03T14:47:50.438Z"}
{"level":"info","message":"Periodic log message","timestamp":"2024-10-03T14:47:55.463Z"}
{"level":"info","message":"Periodic log message","timestamp":"2024-10-03T14:48:00.488Z"}
{"level":"info","message":"Periodic log message","timestamp":"2024-10-03T14:48:05.513Z"}
{"level":"info","message":"Periodic log message","timestamp":"2024-10-03T14:48:10.538Z"}
{"level":"info","message":"Periodic log message","timestamp":"2024-10-03T14:48:15.563Z"}
{"level":"info","message":"Periodic log message","timestamp":"2024-10-03T14:48:20.588Z"}
{"level":"info","message":"Periodic log message","timestamp":"2024-10-03T14:48:25.613Z"}
{"level":"info","message":"Periodic log message","timestamp":"2024-10-03T14:48:30.638Z"}
{"level":"info","message":"Periodic log message","timestamp":"2024-10-03T14:48:35.663Z"}
{"level":"info","message":"Periodic log message","timestamp":"2024-10-03T14:48:40.688Z"}
{"level":"info","message":"Periodic log message","timestamp":"2024-10-03T14:48:45.713Z"}
{"level":"info","message":"Periodic log message","timestamp":"2024-10-03T14:48:50.738Z"}
{"level":"info","message":"Periodic log message","timestamp":"2024-10-03T14:48:55.763Z"}
{"level":"info","message":"Periodic log message","timestamp":"2024-10-03T14:49:00.788Z"}
{"level":"info","message":"Periodic log message","timestamp":"2024-10-03T14:49:05.813Z"}
{"level":"info","message":"Periodic log message","timestamp":"2024-10-03T14:49:10.838Z"}
{"level":"info","message":"Periodic log message","timestamp":"2024-10-03T14:49:15.863Z"}
{"level":"info","message":"Periodic log message","timestamp":"2024-10-03T14:49:20.888Z"}
{"level":"info","message":"Periodic log message","timestamp":"2024-10-03T14:49:25.913Z"}
{"level":"info","message":"Periodic log message","timestamp":"2024-10-03T14:49:30.938Z"}
{"level":"info","message":"Periodic log message","timestamp":"2024-10-03T14:49:35.963Z"}
{"level":"info","message":"Periodic log message","timestamp":"2024-10-03T14:49:40.985Z"}
{"level":"info","message":"Periodic log message","timestamp":"2024-10-03T14:49:46.010Z"}
{"level":"info","message":"Periodic log message","timestamp":"2024-10-03T14:49:51.035Z"}
{"level":"info","message":"Periodic log message","timestamp":"2024-10-03T14:49:56.060Z"}
{"level":"info","message":"Periodic log message","timestamp":"2024-10-03T14:50:01.085Z"}
{"level":"info","message":"Periodic log message","timestamp":"2024-10-03T14:50:06.110Z"}
{"level":"info","message":"Periodic log message","timestamp":"2024-10-03T14:50:11.135Z"}
{"level":"info","message":"Periodic log message","timestamp":"2024-10-03T14:50:16.160Z"}
{"level":"info","message":"Periodic log message","timestamp":"2024-10-03T14:50:21.185Z"}
{"level":"info","message":"Periodic log message","timestamp":"2024-10-03T14:50:26.210Z"}
{"level":"info","message":"Periodic log message","timestamp":"2024-10-03T14:50:31.235Z"}
{"level":"info","message":"Periodic log message","timestamp":"2024-10-03T14:50:36.260Z"}
{"level":"info","message":"Periodic log message","timestamp":"2024-10-03T14:50:41.285Z"}
{"level":"info","message":"Periodic log message","timestamp":"2024-10-03T14:50:46.310Z"}
{"level":"info","message":"Periodic log message","timestamp":"2024-10-03T14:50:51.336Z"}
{"level":"info","message":"Periodic log message","timestamp":"2024-10-03T14:50:56.361Z"}
{"level":"info","message":"Periodic log message","timestamp":"2024-10-03T14:51:01.387Z"}
{"level":"info","message":"Periodic log message","timestamp":"2024-10-03T14:51:06.413Z"}
{"level":"info","message":"Periodic log message","timestamp":"2024-10-03T14:51:11.433Z"}
{"level":"info","message":"Periodic log message","timestamp":"2024-10-03T14:51:16.458Z"}
{"level":"info","message":"Periodic log message","timestamp":"2024-10-03T14:51:21.483Z"}
{"level":"info","message":"Periodic log message","timestamp":"2024-10-03T14:51:26.502Z"}
{"level":"info","message":"Periodic log message","timestamp":"2024-10-03T14:51:31.528Z"}
{"level":"info","message":"Periodic log message","timestamp":"2024-10-03T14:51:36.541Z"}
{"level":"info","message":"Periodic log message","timestamp":"2024-10-03T14:51:41.566Z"}
{"level":"info","message":"Periodic log message","timestamp":"2024-10-03T14:51:46.591Z"}
{"level":"info","message":"Periodic log message","timestamp":"2024-10-03T14:51:51.616Z"}
{"level":"info","message":"Periodic log message","timestamp":"2024-10-03T14:51:56.641Z"}
{"level":"info","message":"Periodic log message","timestamp":"2024-10-03T14:52:01.666Z"}
{"level":"info","message":"Periodic log message","timestamp":"2024-10-03T14:52:06.691Z"}
{"level":"info","message":"Periodic log message","timestamp":"2024-10-03T14:52:11.717Z"}
{"level":"info","message":"Periodic log message","timestamp":"2024-10-03T14:52:16.732Z"}
{"level":"info","message":"Periodic log message","timestamp":"2024-10-03T14:52:21.757Z"}
{"level":"info","message":"Periodic log message","timestamp":"2024-10-03T14:52:26.782Z"}
{"level":"info","message":"Periodic log message","timestamp":"2024-10-03T14:52:31.792Z"}
{"level":"info","message":"Periodic log message","timestamp":"2024-10-03T14:52:36.800Z"}
{"level":"info","message":"Periodic log message","timestamp":"2024-10-03T14:52:41.825Z"}
{"level":"info","message":"Periodic log message","timestamp":"2024-10-03T14:52:46.849Z"}
{"level":"info","message":"Periodic log message","timestamp":"2024-10-03T14:52:51.874Z"}
{"level":"info","message":"Periodic log message","timestamp":"2024-10-03T14:52:56.880Z"}
{"level":"info","message":"Periodic log message","timestamp":"2024-10-03T14:53:01.897Z"}
{"level":"info","message":"Periodic log message","timestamp":"2024-10-03T14:53:06.914Z"}
{"level":"info","message":"Periodic log message","timestamp":"2024-10-03T14:53:11.939Z"}
{"level":"info","message":"Periodic log message","timestamp":"2024-10-03T14:53:16.964Z"}
{"level":"info","message":"Periodic log message","timestamp":"2024-10-03T14:53:21.986Z"}
{"level":"info","message":"Periodic log message","timestamp":"2024-10-03T14:53:26.986Z"}
{"level":"info","message":"Periodic log message","timestamp":"2024-10-03T14:53:32.010Z"}
{"level":"info","message":"Periodic log message","timestamp":"2024-10-03T14:53:37.034Z"}
{"level":"info","message":"Periodic log message","timestamp":"2024-10-03T14:53:42.059Z"}
{"level":"info","message":"Periodic log message","timestamp":"2024-10-03T14:53:47.084Z"}
{"level":"info","message":"Periodic log message","timestamp":"2024-10-03T14:53:52.109Z"}
{"level":"info","message":"Periodic log message","timestamp":"2024-10-03T14:53:57.134Z"}
{"level":"info","message":"Periodic log message","timestamp":"2024-10-03T14:54:02.142Z"}
{"level":"info","message":"Periodic log message","timestamp":"2024-10-03T14:54:07.155Z"}
{"level":"info","message":"Periodic log message","timestamp":"2024-10-03T14:54:12.180Z"}
{"level":"info","message":"Periodic log message","timestamp":"2024-10-03T14:54:17.205Z"}
{"level":"info","message":"Periodic log message","timestamp":"2024-10-03T14:54:22.230Z"}
{"level":"info","message":"Periodic log message","timestamp":"2024-10-03T14:54:27.255Z"}
{"level":"info","message":"Periodic log message","timestamp":"2024-10-03T14:54:32.280Z"}
{"level":"info","message":"Periodic log message","timestamp":"2024-10-03T14:54:37.290Z"}
{"level":"info","message":"Periodic log message","timestamp":"2024-10-03T14:54:42.314Z"}
{"level":"info","message":"Periodic log message","timestamp":"2024-10-03T14:54:47.340Z"}
{"level":"info","message":"Periodic log message","timestamp":"2024-10-03T14:54:52.364Z"}
{"level":"info","message":"Periodic log message","timestamp":"2024-10-03T14:54:57.389Z"}
{"level":"info","message":"Periodic log message","timestamp":"2024-10-03T14:55:02.411Z"}
{"level":"info","message":"Periodic log message","timestamp":"2024-10-03T14:55:07.436Z"}
{"level":"info","message":"Periodic log message","timestamp":"2024-10-03T14:55:12.449Z"}
{"level":"info","message":"Periodic log message","timestamp":"2024-10-03T14:55:17.475Z"}
{"level":"info","message":"Periodic log message","timestamp":"2024-10-03T14:55:22.494Z"}
{"level":"info","message":"Periodic log message","timestamp":"2024-10-03T14:55:27.519Z"}
{"level":"info","message":"Periodic log message","timestamp":"2024-10-03T14:55:32.529Z"}
{"level":"info","message":"Periodic log message","timestamp":"2024-10-03T14:55:37.553Z"}
{"level":"info","message":"Periodic log message","timestamp":"2024-10-03T14:55:42.572Z"}
{"level":"info","message":"Periodic log message","timestamp":"2024-10-03T14:55:47.597Z"}
{"level":"info","message":"Periodic log message","timestamp":"2024-10-03T14:55:52.622Z"}
{"level":"info","message":"Periodic log message","timestamp":"2024-10-03T14:55:57.647Z"}
{"level":"info","message":"Periodic log message","timestamp":"2024-10-03T14:56:02.672Z"}
{"level":"info","message":"Periodic log message","timestamp":"2024-10-03T14:56:07.676Z"}
{"level":"info","message":"Periodic log message","timestamp":"2024-10-03T14:56:12.691Z"}
{"level":"info","message":"Periodic log message","timestamp":"2024-10-03T14:56:17.695Z"}
{"level":"info","message":"Periodic log message","timestamp":"2024-10-03T14:56:22.720Z"}
{"level":"info","message":"Periodic log message","timestamp":"2024-10-03T14:56:27.745Z"}
{"level":"info","message":"Periodic log message","timestamp":"2024-10-03T14:56:32.770Z"}
{"level":"info","message":"Periodic log message","timestamp":"2024-10-03T14:56:37.785Z"}
{"level":"info","message":"Periodic log message","timestamp":"2024-10-03T14:56:42.810Z"}
{"level":"info","message":"Periodic log message","timestamp":"2024-10-03T14:56:47.835Z"}
{"level":"info","message":"Periodic log message","timestamp":"2024-10-03T14:56:52.861Z"}
{"level":"info","message":"Periodic log message","timestamp":"2024-10-03T14:56:57.885Z"}
{"level":"info","message":"Periodic log message","timestamp":"2024-10-03T14:57:02.911Z"}
{"level":"info","message":"Periodic log message","timestamp":"2024-10-03T14:57:07.935Z"}
{"level":"info","message":"Periodic log message","timestamp":"2024-10-03T14:57:12.960Z"}
{"level":"info","message":"Periodic log message","timestamp":"2024-10-03T14:57:17.986Z"}
{"level":"info","message":"Periodic log message","timestamp":"2024-10-03T14:57:23.011Z"}
{"level":"info","message":"Periodic log message","timestamp":"2024-10-03T14:57:28.016Z"}
{"level":"info","message":"Periodic log message","timestamp":"2024-10-03T14:57:33.042Z"}
{"level":"info","message":"Periodic log message","timestamp":"2024-10-03T14:57:38.067Z"}
{"level":"info","message":"Periodic log message","timestamp":"2024-10-03T14:57:43.092Z"}
{"level":"info","message":"Periodic log message","timestamp":"2024-10-03T14:57:48.111Z"}
{"level":"info","message":"Periodic log message","timestamp":"2024-10-03T14:57:53.136Z"}
{"level":"info","message":"Periodic log message","timestamp":"2024-10-03T14:57:58.161Z"}
{"level":"info","message":"Periodic log message","timestamp":"2024-10-03T14:58:03.186Z"}
{"level":"info","message":"Periodic log message","timestamp":"2024-10-03T14:58:08.211Z"}
{"level":"info","message":"Periodic log message","timestamp":"2024-10-03T14:58:13.236Z"}
{"level":"info","message":"Periodic log message","timestamp":"2024-10-03T14:58:18.261Z"}
{"level":"info","message":"Periodic log message","timestamp":"2024-10-03T14:58:23.286Z"}
{"level":"info","message":"Periodic log message","timestamp":"2024-10-03T14:58:28.311Z"}
{"level":"info","message":"Periodic log message","timestamp":"2024-10-03T14:58:33.334Z"}
{"level":"info","message":"Periodic log message","timestamp":"2024-10-03T14:58:38.358Z"}
{"level":"info","message":"Periodic log message","timestamp":"2024-10-03T14:58:43.368Z"}
{"level":"info","message":"Periodic log message","timestamp":"2024-10-03T14:58:48.391Z"}
{"level":"info","message":"Periodic log message","timestamp":"2024-10-03T14:58:53.416Z"}
{"level":"info","message":"Periodic log message","timestamp":"2024-10-03T14:58:58.422Z"}
{"level":"info","message":"Periodic log message","timestamp":"2024-10-03T14:59:03.432Z"}
{"level":"info","message":"Periodic log message","timestamp":"2024-10-03T14:59:08.440Z"}
{"level":"info","message":"Periodic log message","timestamp":"2024-10-03T14:59:13.465Z"}
{"level":"info","message":"Periodic log message","timestamp":"2024-10-03T14:59:18.490Z"}
{"level":"info","message":"Periodic log message","timestamp":"2024-10-03T14:59:23.515Z"}
{"level":"info","message":"Periodic log message","timestamp":"2024-10-03T14:59:28.541Z"}
{"level":"info","message":"Periodic log message","timestamp":"2024-10-03T14:59:33.552Z"}
{"level":"info","message":"Periodic log message","timestamp":"2024-10-03T14:59:38.561Z"}
{"level":"info","message":"Periodic log message","timestamp":"2024-10-03T14:59:43.586Z"}
{"level":"info","message":"Periodic log message","timestamp":"2024-10-03T14:59:48.611Z"}
{"level":"info","message":"Periodic log message","timestamp":"2024-10-03T14:59:53.636Z"}
{"level":"info","message":"Periodic log message","timestamp":"2024-10-03T14:59:58.661Z"}
{"level":"info","message":"Periodic log message","timestamp":"2024-10-03T15:00:03.672Z"}
{"level":"info","message":"Periodic log message","timestamp":"2024-10-03T15:00:08.697Z"}
{"level":"info","message":"Periodic log message","timestamp":"2024-10-03T15:00:13.722Z"}
{"level":"info","message":"Periodic log message","timestamp":"2024-10-03T15:00:18.747Z"}
{"level":"info","message":"Periodic log message","timestamp":"2024-10-03T15:00:23.772Z"}
{"level":"info","message":"Periodic log message","timestamp":"2024-10-03T15:00:28.797Z"}
